[debug] > Exec(clean ; package, None, None)
[debug] > Exec(clean, None, None)
[debug] Evaluating tasks: clean
[debug] Running task... Cancel: Signal, check cycles: false, forcegc: true
[success] Total time: 0 s, completed Apr 28, 2021 7:59:45 PM
[debug] > Exec(package, None, None)
[debug] Evaluating tasks: Compile / package
[debug] Running task... Cancel: Signal, check cycles: false, forcegc: true
[warn] There may be incompatibilities among your library dependencies; run 'evicted' to see detailed eviction warnings.
[info] compiling 8 Scala sources to C:\unibo-installations\SCP-Project\SCP-Project\target\scala-2.12\classes ...
[error] C:\unibo-installations\SCP-Project\SCP-Project\src\main\scala\ParOkapiBM25OLD.scala:41:23: not found: type SimpleTuple
[error] def getBM25() : Array[SimpleTuple] = {
[error]                       ^
[error] C:\unibo-installations\SCP-Project\SCP-Project\src\main\scala\ParOkapiBM25OLD.scala:94:9: not found: value SimpleTuple
[error]         SimpleTuple( id, score )
[error]         ^
[error] two errors found
[error] (Compile / compileIncremental) Compilation failed
[error] Total time: 9 s, completed Apr 28, 2021 7:59:54 PM
[debug] > Exec(idea-shell, None, None)
